/home/nyawira/.rbenv/versions/2.2.3/bin/ruby -r ./siteconf20160622-4147-1j4mpoe.rb extconf.rb
checking for main() in -lpthread... yes
creating Makefile

make "DESTDIR=" clean

make "DESTDIR="
compiling accessor.cc
compiling rr.cc
compiling init.cc
compiling constants.cc
compiling v8.cc
compiling trycatch.cc
compiling handles.cc
compiling signature.cc
compiling primitive.cc
compiling message.cc
compiling stack.cc
compiling context.cc
compiling string.cc
compiling invocation.cc
compiling gc.cc
compiling function.cc
compiling template.cc
compiling date.cc
compiling script.cc
compiling backref.cc
compiling value.cc
compiling heap.cc
compiling array.cc
compiling object.cc
compiling constraints.cc
compiling exception.cc
compiling external.cc
compiling locker.cc
linking shared-object v8/init.so

make "DESTDIR=" install
/usr/bin/install -c -m 0755 init.so ./.gem.20160622-4147-10r2ydg/v8
